

***************************
APPLICATION FAILED TO START
***************************

Description:

Field groupAuthService in sw.controller.ProjectController required a bean of type 'sw.service.IGroupAuthManger' that could not be found.


Action:

Consider defining a bean of type 'sw.service.IGroupAuthManger' in your configuration.

[THYMELEAF][http-nio-8080-exec-2] Exception processing template "/pages/project/ProjectForm": Error resolving template "ProjectList", template might not exist or might not be accessible by any of the configured Template Resolvers (/pages/project/ProjectForm:8)
Servlet.service() for servlet [dispatcherServlet] in context with path [] threw exception [Request processing failed; nested exception is org.thymeleaf.exceptions.TemplateInputException: Error resolving template "ProjectList", template might not exist or might not be accessible by any of the configured Template Resolvers (/pages/project/ProjectForm:8)] with root cause
org.thymeleaf.exceptions.TemplateInputException: Error resolving template "ProjectList", template might not exist or might not be accessible by any of the configured Template Resolvers (/pages/project/ProjectForm:8)
	at org.thymeleaf.TemplateRepository.getTemplate(TemplateRepository.java:246)
	at org.thymeleaf.standard.fragment.StandardFragment.extractFragment(StandardFragment.java:202)
	at org.thymeleaf.standard.processor.attr.AbstractStandardFragmentHandlingAttrProcessor.computeFragment(AbstractStandardFragmentHandlingAttrProcessor.java:72)
	at org.thymeleaf.processor.attr.AbstractFragmentHandlingAttrProcessor.processAttribute(AbstractFragmentHandlingAttrProcessor.java:63)
	at org.thymeleaf.processor.attr.AbstractAttrProcessor.doProcess(AbstractAttrProcessor.java:87)
	at org.thymeleaf.processor.AbstractProcessor.process(AbstractProcessor.java:212)
	at org.thymeleaf.dom.Node.applyNextProcessor(Node.java:1017)
	at org.thymeleaf.dom.Node.processNode(Node.java:972)
	at org.thymeleaf.dom.NestableNode.computeNextChild(NestableNode.java:695)
	at org.thymeleaf.dom.NestableNode.doAdditionalProcess(NestableNode.java:668)
	at org.thymeleaf.dom.Node.processNode(Node.java:990)
	at org.thymeleaf.dom.NestableNode.computeNextChild(NestableNode.java:695)
	at org.thymeleaf.dom.NestableNode.doAdditionalProcess(NestableNode.java:668)
	at org.thymeleaf.dom.Node.processNode(Node.java:990)
	at org.thymeleaf.dom.NestableNode.computeNextChild(NestableNode.java:695)
	at org.thymeleaf.dom.NestableNode.doAdditionalProcess(NestableNode.java:668)
	at org.thymeleaf.dom.Node.processNode(Node.java:990)
	at org.thymeleaf.dom.Document.process(Document.java:93)
	at org.thymeleaf.TemplateEngine.process(TemplateEngine.java:1155)
	at org.thymeleaf.TemplateEngine.process(TemplateEngine.java:1060)
	at org.thymeleaf.TemplateEngine.process(TemplateEngine.java:1011)
	at org.thymeleaf.spring4.view.ThymeleafView.renderFragment(ThymeleafView.java:335)
	at org.thymeleaf.spring4.view.ThymeleafView.render(ThymeleafView.java:190)
	at org.springframework.web.servlet.DispatcherServlet.render(DispatcherServlet.java:1271)
	at org.springframework.web.servlet.DispatcherServlet.processDispatchResult(DispatcherServlet.java:1037)
	at org.springframework.web.servlet.DispatcherServlet.doDispatch(DispatcherServlet.java:980)
	at org.springframework.web.servlet.DispatcherServlet.doService(DispatcherServlet.java:897)
	at org.springframework.web.servlet.FrameworkServlet.processRequest(FrameworkServlet.java:970)
	at org.springframework.web.servlet.FrameworkServlet.doGet(FrameworkServlet.java:861)
	at javax.servlet.http.HttpServlet.service(HttpServlet.java:622)
	at org.springframework.web.servlet.FrameworkServlet.service(FrameworkServlet.java:846)
	at javax.servlet.http.HttpServlet.service(HttpServlet.java:729)
	at org.apache.catalina.core.ApplicationFilterChain.internalDoFilter(ApplicationFilterChain.java:230)
	at org.apache.catalina.core.ApplicationFilterChain.doFilter(ApplicationFilterChain.java:165)
	at org.apache.tomcat.websocket.server.WsFilter.doFilter(WsFilter.java:52)
	at org.apache.catalina.core.ApplicationFilterChain.internalDoFilter(ApplicationFilterChain.java:192)
	at org.apache.catalina.core.ApplicationFilterChain.doFilter(ApplicationFilterChain.java:165)
	at org.springframework.web.filter.RequestContextFilter.doFilterInternal(RequestContextFilter.java:99)
	at org.springframework.web.filter.OncePerRequestFilter.doFilter(OncePerRequestFilter.java:107)
	at org.apache.catalina.core.ApplicationFilterChain.internalDoFilter(ApplicationFilterChain.java:192)
	at org.apache.catalina.core.ApplicationFilterChain.doFilter(ApplicationFilterChain.java:165)
	at org.springframework.web.filter.HttpPutFormContentFilter.doFilterInternal(HttpPutFormContentFilter.java:105)
	at org.springframework.web.filter.OncePerRequestFilter.doFilter(OncePerRequestFilter.java:107)
	at org.apache.catalina.core.ApplicationFilterChain.internalDoFilter(ApplicationFilterChain.java:192)
	at org.apache.catalina.core.ApplicationFilterChain.doFilter(ApplicationFilterChain.java:165)
	at org.springframework.web.filter.HiddenHttpMethodFilter.doFilterInternal(HiddenHttpMethodFilter.java:81)
	at org.springframework.web.filter.OncePerRequestFilter.doFilter(OncePerRequestFilter.java:107)
	at org.apache.catalina.core.ApplicationFilterChain.internalDoFilter(ApplicationFilterChain.java:192)
	at org.apache.catalina.core.ApplicationFilterChain.doFilter(ApplicationFilterChain.java:165)
	at org.springframework.web.filter.CharacterEncodingFilter.doFilterInternal(CharacterEncodingFilter.java:197)
	at org.springframework.web.filter.OncePerRequestFilter.doFilter(OncePerRequestFilter.java:107)
	at org.apache.catalina.core.ApplicationFilterChain.internalDoFilter(ApplicationFilterChain.java:192)
	at org.apache.catalina.core.ApplicationFilterChain.doFilter(ApplicationFilterChain.java:165)
	at org.apache.catalina.core.StandardWrapperValve.invoke(StandardWrapperValve.java:198)
	at org.apache.catalina.core.StandardContextValve.invoke(StandardContextValve.java:96)
	at org.apache.catalina.authenticator.AuthenticatorBase.invoke(AuthenticatorBase.java:474)
	at org.apache.catalina.core.StandardHostValve.invoke(StandardHostValve.java:140)
	at org.apache.catalina.valves.ErrorReportValve.invoke(ErrorReportValve.java:79)
	at org.apache.catalina.core.StandardEngineValve.invoke(StandardEngineValve.java:87)
	at org.apache.catalina.connector.CoyoteAdapter.service(CoyoteAdapter.java:349)
	at org.apache.coyote.http11.Http11Processor.service(Http11Processor.java:783)
	at org.apache.coyote.AbstractProcessorLight.process(AbstractProcessorLight.java:66)
	at org.apache.coyote.AbstractProtocol$ConnectionHandler.process(AbstractProtocol.java:798)
	at org.apache.tomcat.util.net.NioEndpoint$SocketProcessor.doRun(NioEndpoint.java:1434)
	at org.apache.tomcat.util.net.SocketProcessorBase.run(SocketProcessorBase.java:49)
	at java.util.concurrent.ThreadPoolExecutor.runWorker(ThreadPoolExecutor.java:1142)
	at java.util.concurrent.ThreadPoolExecutor$Worker.run(ThreadPoolExecutor.java:617)
	at org.apache.tomcat.util.threads.TaskThread$WrappingRunnable.run(TaskThread.java:61)
	at java.lang.Thread.run(Thread.java:745)
[THYMELEAF][http-nio-8080-exec-5] Exception processing template "/pages/project/ProjectList": Error resolving template "login", template might not exist or might not be accessible by any of the configured Template Resolvers (/pages/project/ProjectList:11)
Servlet.service() for servlet [dispatcherServlet] in context with path [] threw exception [Request processing failed; nested exception is org.thymeleaf.exceptions.TemplateInputException: Error resolving template "login", template might not exist or might not be accessible by any of the configured Template Resolvers (/pages/project/ProjectList:11)] with root cause
org.thymeleaf.exceptions.TemplateInputException: Error resolving template "login", template might not exist or might not be accessible by any of the configured Template Resolvers (/pages/project/ProjectList:11)
	at org.thymeleaf.TemplateRepository.getTemplate(TemplateRepository.java:246)
	at org.thymeleaf.standard.fragment.StandardFragment.extractFragment(StandardFragment.java:202)
	at org.thymeleaf.standard.processor.attr.AbstractStandardFragmentHandlingAttrProcessor.computeFragment(AbstractStandardFragmentHandlingAttrProcessor.java:72)
	at org.thymeleaf.processor.attr.AbstractFragmentHandlingAttrProcessor.processAttribute(AbstractFragmentHandlingAttrProcessor.java:63)
	at org.thymeleaf.processor.attr.AbstractAttrProcessor.doProcess(AbstractAttrProcessor.java:87)
	at org.thymeleaf.processor.AbstractProcessor.process(AbstractProcessor.java:212)
	at org.thymeleaf.dom.Node.applyNextProcessor(Node.java:1017)
	at org.thymeleaf.dom.Node.processNode(Node.java:972)
	at org.thymeleaf.dom.NestableNode.computeNextChild(NestableNode.java:695)
	at org.thymeleaf.dom.NestableNode.doAdditionalProcess(NestableNode.java:668)
	at org.thymeleaf.dom.Node.processNode(Node.java:990)
	at org.thymeleaf.dom.NestableNode.computeNextChild(NestableNode.java:695)
	at org.thymeleaf.dom.NestableNode.doAdditionalProcess(NestableNode.java:668)
	at org.thymeleaf.dom.Node.processNode(Node.java:990)
	at org.thymeleaf.dom.NestableNode.computeNextChild(NestableNode.java:695)
	at org.thymeleaf.dom.NestableNode.doAdditionalProcess(NestableNode.java:668)
	at org.thymeleaf.dom.Node.processNode(Node.java:990)
	at org.thymeleaf.dom.Document.process(Document.java:93)
	at org.thymeleaf.TemplateEngine.process(TemplateEngine.java:1155)
	at org.thymeleaf.TemplateEngine.process(TemplateEngine.java:1060)
	at org.thymeleaf.TemplateEngine.process(TemplateEngine.java:1011)
	at org.thymeleaf.spring4.view.ThymeleafView.renderFragment(ThymeleafView.java:335)
	at org.thymeleaf.spring4.view.ThymeleafView.render(ThymeleafView.java:190)
	at org.springframework.web.servlet.DispatcherServlet.render(DispatcherServlet.java:1271)
	at org.springframework.web.servlet.DispatcherServlet.processDispatchResult(DispatcherServlet.java:1037)
	at org.springframework.web.servlet.DispatcherServlet.doDispatch(DispatcherServlet.java:980)
	at org.springframework.web.servlet.DispatcherServlet.doService(DispatcherServlet.java:897)
	at org.springframework.web.servlet.FrameworkServlet.processRequest(FrameworkServlet.java:970)
	at org.springframework.web.servlet.FrameworkServlet.doGet(FrameworkServlet.java:861)
	at javax.servlet.http.HttpServlet.service(HttpServlet.java:622)
	at org.springframework.web.servlet.FrameworkServlet.service(FrameworkServlet.java:846)
	at javax.servlet.http.HttpServlet.service(HttpServlet.java:729)
	at org.apache.catalina.core.ApplicationFilterChain.internalDoFilter(ApplicationFilterChain.java:230)
	at org.apache.catalina.core.ApplicationFilterChain.doFilter(ApplicationFilterChain.java:165)
	at org.apache.tomcat.websocket.server.WsFilter.doFilter(WsFilter.java:52)
	at org.apache.catalina.core.ApplicationFilterChain.internalDoFilter(ApplicationFilterChain.java:192)
	at org.apache.catalina.core.ApplicationFilterChain.doFilter(ApplicationFilterChain.java:165)
	at org.springframework.web.filter.RequestContextFilter.doFilterInternal(RequestContextFilter.java:99)
	at org.springframework.web.filter.OncePerRequestFilter.doFilter(OncePerRequestFilter.java:107)
	at org.apache.catalina.core.ApplicationFilterChain.internalDoFilter(ApplicationFilterChain.java:192)
	at org.apache.catalina.core.ApplicationFilterChain.doFilter(ApplicationFilterChain.java:165)
	at org.springframework.web.filter.HttpPutFormContentFilter.doFilterInternal(HttpPutFormContentFilter.java:105)
	at org.springframework.web.filter.OncePerRequestFilter.doFilter(OncePerRequestFilter.java:107)
	at org.apache.catalina.core.ApplicationFilterChain.internalDoFilter(ApplicationFilterChain.java:192)
	at org.apache.catalina.core.ApplicationFilterChain.doFilter(ApplicationFilterChain.java:165)
	at org.springframework.web.filter.HiddenHttpMethodFilter.doFilterInternal(HiddenHttpMethodFilter.java:81)
	at org.springframework.web.filter.OncePerRequestFilter.doFilter(OncePerRequestFilter.java:107)
	at org.apache.catalina.core.ApplicationFilterChain.internalDoFilter(ApplicationFilterChain.java:192)
	at org.apache.catalina.core.ApplicationFilterChain.doFilter(ApplicationFilterChain.java:165)
	at org.springframework.web.filter.CharacterEncodingFilter.doFilterInternal(CharacterEncodingFilter.java:197)
	at org.springframework.web.filter.OncePerRequestFilter.doFilter(OncePerRequestFilter.java:107)
	at org.apache.catalina.core.ApplicationFilterChain.internalDoFilter(ApplicationFilterChain.java:192)
	at org.apache.catalina.core.ApplicationFilterChain.doFilter(ApplicationFilterChain.java:165)
	at org.apache.catalina.core.StandardWrapperValve.invoke(StandardWrapperValve.java:198)
	at org.apache.catalina.core.StandardContextValve.invoke(StandardContextValve.java:96)
	at org.apache.catalina.authenticator.AuthenticatorBase.invoke(AuthenticatorBase.java:474)
	at org.apache.catalina.core.StandardHostValve.invoke(StandardHostValve.java:140)
	at org.apache.catalina.valves.ErrorReportValve.invoke(ErrorReportValve.java:79)
	at org.apache.catalina.core.StandardEngineValve.invoke(StandardEngineValve.java:87)
	at org.apache.catalina.connector.CoyoteAdapter.service(CoyoteAdapter.java:349)
	at org.apache.coyote.http11.Http11Processor.service(Http11Processor.java:783)
	at org.apache.coyote.AbstractProcessorLight.process(AbstractProcessorLight.java:66)
	at org.apache.coyote.AbstractProtocol$ConnectionHandler.process(AbstractProtocol.java:798)
	at org.apache.tomcat.util.net.NioEndpoint$SocketProcessor.doRun(NioEndpoint.java:1434)
	at org.apache.tomcat.util.net.SocketProcessorBase.run(SocketProcessorBase.java:49)
	at java.util.concurrent.ThreadPoolExecutor.runWorker(ThreadPoolExecutor.java:1142)
	at java.util.concurrent.ThreadPoolExecutor$Worker.run(ThreadPoolExecutor.java:617)
	at org.apache.tomcat.util.threads.TaskThread$WrappingRunnable.run(TaskThread.java:61)
	at java.lang.Thread.run(Thread.java:745)
[THYMELEAF][http-nio-8080-exec-8] Exception processing template "/pages/project/ProjectList": Error resolving template "login", template might not exist or might not be accessible by any of the configured Template Resolvers (/pages/project/ProjectList:11)
Servlet.service() for servlet [dispatcherServlet] in context with path [] threw exception [Request processing failed; nested exception is org.thymeleaf.exceptions.TemplateInputException: Error resolving template "login", template might not exist or might not be accessible by any of the configured Template Resolvers (/pages/project/ProjectList:11)] with root cause
org.thymeleaf.exceptions.TemplateInputException: Error resolving template "login", template might not exist or might not be accessible by any of the configured Template Resolvers (/pages/project/ProjectList:11)
	at org.thymeleaf.TemplateRepository.getTemplate(TemplateRepository.java:246)
	at org.thymeleaf.standard.fragment.StandardFragment.extractFragment(StandardFragment.java:202)
	at org.thymeleaf.standard.processor.attr.AbstractStandardFragmentHandlingAttrProcessor.computeFragment(AbstractStandardFragmentHandlingAttrProcessor.java:72)
	at org.thymeleaf.processor.attr.AbstractFragmentHandlingAttrProcessor.processAttribute(AbstractFragmentHandlingAttrProcessor.java:63)
	at org.thymeleaf.processor.attr.AbstractAttrProcessor.doProcess(AbstractAttrProcessor.java:87)
	at org.thymeleaf.processor.AbstractProcessor.process(AbstractProcessor.java:212)
	at org.thymeleaf.dom.Node.applyNextProcessor(Node.java:1017)
	at org.thymeleaf.dom.Node.processNode(Node.java:972)
	at org.thymeleaf.dom.NestableNode.computeNextChild(NestableNode.java:695)
	at org.thymeleaf.dom.NestableNode.doAdditionalProcess(NestableNode.java:668)
	at org.thymeleaf.dom.Node.processNode(Node.java:990)
	at org.thymeleaf.dom.NestableNode.computeNextChild(NestableNode.java:695)
	at org.thymeleaf.dom.NestableNode.doAdditionalProcess(NestableNode.java:668)
	at org.thymeleaf.dom.Node.processNode(Node.java:990)
	at org.thymeleaf.dom.NestableNode.computeNextChild(NestableNode.java:695)
	at org.thymeleaf.dom.NestableNode.doAdditionalProcess(NestableNode.java:668)
	at org.thymeleaf.dom.Node.processNode(Node.java:990)
	at org.thymeleaf.dom.Document.process(Document.java:93)
	at org.thymeleaf.TemplateEngine.process(TemplateEngine.java:1155)
	at org.thymeleaf.TemplateEngine.process(TemplateEngine.java:1060)
	at org.thymeleaf.TemplateEngine.process(TemplateEngine.java:1011)
	at org.thymeleaf.spring4.view.ThymeleafView.renderFragment(ThymeleafView.java:335)
	at org.thymeleaf.spring4.view.ThymeleafView.render(ThymeleafView.java:190)
	at org.springframework.web.servlet.DispatcherServlet.render(DispatcherServlet.java:1271)
	at org.springframework.web.servlet.DispatcherServlet.processDispatchResult(DispatcherServlet.java:1037)
	at org.springframework.web.servlet.DispatcherServlet.doDispatch(DispatcherServlet.java:980)
	at org.springframework.web.servlet.DispatcherServlet.doService(DispatcherServlet.java:897)
	at org.springframework.web.servlet.FrameworkServlet.processRequest(FrameworkServlet.java:970)
	at org.springframework.web.servlet.FrameworkServlet.doGet(FrameworkServlet.java:861)
	at javax.servlet.http.HttpServlet.service(HttpServlet.java:622)
	at org.springframework.web.servlet.FrameworkServlet.service(FrameworkServlet.java:846)
	at javax.servlet.http.HttpServlet.service(HttpServlet.java:729)
	at org.apache.catalina.core.ApplicationFilterChain.internalDoFilter(ApplicationFilterChain.java:230)
	at org.apache.catalina.core.ApplicationFilterChain.doFilter(ApplicationFilterChain.java:165)
	at org.apache.tomcat.websocket.server.WsFilter.doFilter(WsFilter.java:52)
	at org.apache.catalina.core.ApplicationFilterChain.internalDoFilter(ApplicationFilterChain.java:192)
	at org.apache.catalina.core.ApplicationFilterChain.doFilter(ApplicationFilterChain.java:165)
	at org.springframework.web.filter.RequestContextFilter.doFilterInternal(RequestContextFilter.java:99)
	at org.springframework.web.filter.OncePerRequestFilter.doFilter(OncePerRequestFilter.java:107)
	at org.apache.catalina.core.ApplicationFilterChain.internalDoFilter(ApplicationFilterChain.java:192)
	at org.apache.catalina.core.ApplicationFilterChain.doFilter(ApplicationFilterChain.java:165)
	at org.springframework.web.filter.HttpPutFormContentFilter.doFilterInternal(HttpPutFormContentFilter.java:105)
	at org.springframework.web.filter.OncePerRequestFilter.doFilter(OncePerRequestFilter.java:107)
	at org.apache.catalina.core.ApplicationFilterChain.internalDoFilter(ApplicationFilterChain.java:192)
	at org.apache.catalina.core.ApplicationFilterChain.doFilter(ApplicationFilterChain.java:165)
	at org.springframework.web.filter.HiddenHttpMethodFilter.doFilterInternal(HiddenHttpMethodFilter.java:81)
	at org.springframework.web.filter.OncePerRequestFilter.doFilter(OncePerRequestFilter.java:107)
	at org.apache.catalina.core.ApplicationFilterChain.internalDoFilter(ApplicationFilterChain.java:192)
	at org.apache.catalina.core.ApplicationFilterChain.doFilter(ApplicationFilterChain.java:165)
	at org.springframework.web.filter.CharacterEncodingFilter.doFilterInternal(CharacterEncodingFilter.java:197)
	at org.springframework.web.filter.OncePerRequestFilter.doFilter(OncePerRequestFilter.java:107)
	at org.apache.catalina.core.ApplicationFilterChain.internalDoFilter(ApplicationFilterChain.java:192)
	at org.apache.catalina.core.ApplicationFilterChain.doFilter(ApplicationFilterChain.java:165)
	at org.apache.catalina.core.StandardWrapperValve.invoke(StandardWrapperValve.java:198)
	at org.apache.catalina.core.StandardContextValve.invoke(StandardContextValve.java:96)
	at org.apache.catalina.authenticator.AuthenticatorBase.invoke(AuthenticatorBase.java:474)
	at org.apache.catalina.core.StandardHostValve.invoke(StandardHostValve.java:140)
	at org.apache.catalina.valves.ErrorReportValve.invoke(ErrorReportValve.java:79)
	at org.apache.catalina.core.StandardEngineValve.invoke(StandardEngineValve.java:87)
	at org.apache.catalina.connector.CoyoteAdapter.service(CoyoteAdapter.java:349)
	at org.apache.coyote.http11.Http11Processor.service(Http11Processor.java:783)
	at org.apache.coyote.AbstractProcessorLight.process(AbstractProcessorLight.java:66)
	at org.apache.coyote.AbstractProtocol$ConnectionHandler.process(AbstractProtocol.java:798)
	at org.apache.tomcat.util.net.NioEndpoint$SocketProcessor.doRun(NioEndpoint.java:1434)
	at org.apache.tomcat.util.net.SocketProcessorBase.run(SocketProcessorBase.java:49)
	at java.util.concurrent.ThreadPoolExecutor.runWorker(ThreadPoolExecutor.java:1142)
	at java.util.concurrent.ThreadPoolExecutor$Worker.run(ThreadPoolExecutor.java:617)
	at org.apache.tomcat.util.threads.TaskThread$WrappingRunnable.run(TaskThread.java:61)
	at java.lang.Thread.run(Thread.java:745)
[THYMELEAF][http-nio-8080-exec-2] Exception processing template "/pages/project/ProjectList": Error resolving template "/login", template might not exist or might not be accessible by any of the configured Template Resolvers (/pages/project/ProjectList:11)
Servlet.service() for servlet [dispatcherServlet] in context with path [] threw exception [Request processing failed; nested exception is org.thymeleaf.exceptions.TemplateInputException: Error resolving template "/login", template might not exist or might not be accessible by any of the configured Template Resolvers (/pages/project/ProjectList:11)] with root cause
org.thymeleaf.exceptions.TemplateInputException: Error resolving template "/login", template might not exist or might not be accessible by any of the configured Template Resolvers (/pages/project/ProjectList:11)
	at org.thymeleaf.TemplateRepository.getTemplate(TemplateRepository.java:246)
	at org.thymeleaf.standard.fragment.StandardFragment.extractFragment(StandardFragment.java:202)
	at org.thymeleaf.standard.processor.attr.AbstractStandardFragmentHandlingAttrProcessor.computeFragment(AbstractStandardFragmentHandlingAttrProcessor.java:72)
	at org.thymeleaf.processor.attr.AbstractFragmentHandlingAttrProcessor.processAttribute(AbstractFragmentHandlingAttrProcessor.java:63)
	at org.thymeleaf.processor.attr.AbstractAttrProcessor.doProcess(AbstractAttrProcessor.java:87)
	at org.thymeleaf.processor.AbstractProcessor.process(AbstractProcessor.java:212)
	at org.thymeleaf.dom.Node.applyNextProcessor(Node.java:1017)
	at org.thymeleaf.dom.Node.processNode(Node.java:972)
	at org.thymeleaf.dom.NestableNode.computeNextChild(NestableNode.java:695)
	at org.thymeleaf.dom.NestableNode.doAdditionalProcess(NestableNode.java:668)
	at org.thymeleaf.dom.Node.processNode(Node.java:990)
	at org.thymeleaf.dom.NestableNode.computeNextChild(NestableNode.java:695)
	at org.thymeleaf.dom.NestableNode.doAdditionalProcess(NestableNode.java:668)
	at org.thymeleaf.dom.Node.processNode(Node.java:990)
	at org.thymeleaf.dom.NestableNode.computeNextChild(NestableNode.java:695)
	at org.thymeleaf.dom.NestableNode.doAdditionalProcess(NestableNode.java:668)
	at org.thymeleaf.dom.Node.processNode(Node.java:990)
	at org.thymeleaf.dom.Document.process(Document.java:93)
	at org.thymeleaf.TemplateEngine.process(TemplateEngine.java:1155)
	at org.thymeleaf.TemplateEngine.process(TemplateEngine.java:1060)
	at org.thymeleaf.TemplateEngine.process(TemplateEngine.java:1011)
	at org.thymeleaf.spring4.view.ThymeleafView.renderFragment(ThymeleafView.java:335)
	at org.thymeleaf.spring4.view.ThymeleafView.render(ThymeleafView.java:190)
	at org.springframework.web.servlet.DispatcherServlet.render(DispatcherServlet.java:1271)
	at org.springframework.web.servlet.DispatcherServlet.processDispatchResult(DispatcherServlet.java:1037)
	at org.springframework.web.servlet.DispatcherServlet.doDispatch(DispatcherServlet.java:980)
	at org.springframework.web.servlet.DispatcherServlet.doService(DispatcherServlet.java:897)
	at org.springframework.web.servlet.FrameworkServlet.processRequest(FrameworkServlet.java:970)
	at org.springframework.web.servlet.FrameworkServlet.doGet(FrameworkServlet.java:861)
	at javax.servlet.http.HttpServlet.service(HttpServlet.java:622)
	at org.springframework.web.servlet.FrameworkServlet.service(FrameworkServlet.java:846)
	at javax.servlet.http.HttpServlet.service(HttpServlet.java:729)
	at org.apache.catalina.core.ApplicationFilterChain.internalDoFilter(ApplicationFilterChain.java:230)
	at org.apache.catalina.core.ApplicationFilterChain.doFilter(ApplicationFilterChain.java:165)
	at org.apache.tomcat.websocket.server.WsFilter.doFilter(WsFilter.java:52)
	at org.apache.catalina.core.ApplicationFilterChain.internalDoFilter(ApplicationFilterChain.java:192)
	at org.apache.catalina.core.ApplicationFilterChain.doFilter(ApplicationFilterChain.java:165)
	at org.springframework.web.filter.RequestContextFilter.doFilterInternal(RequestContextFilter.java:99)
	at org.springframework.web.filter.OncePerRequestFilter.doFilter(OncePerRequestFilter.java:107)
	at org.apache.catalina.core.ApplicationFilterChain.internalDoFilter(ApplicationFilterChain.java:192)
	at org.apache.catalina.core.ApplicationFilterChain.doFilter(ApplicationFilterChain.java:165)
	at org.springframework.web.filter.HttpPutFormContentFilter.doFilterInternal(HttpPutFormContentFilter.java:105)
	at org.springframework.web.filter.OncePerRequestFilter.doFilter(OncePerRequestFilter.java:107)
	at org.apache.catalina.core.ApplicationFilterChain.internalDoFilter(ApplicationFilterChain.java:192)
	at org.apache.catalina.core.ApplicationFilterChain.doFilter(ApplicationFilterChain.java:165)
	at org.springframework.web.filter.HiddenHttpMethodFilter.doFilterInternal(HiddenHttpMethodFilter.java:81)
	at org.springframework.web.filter.OncePerRequestFilter.doFilter(OncePerRequestFilter.java:107)
	at org.apache.catalina.core.ApplicationFilterChain.internalDoFilter(ApplicationFilterChain.java:192)
	at org.apache.catalina.core.ApplicationFilterChain.doFilter(ApplicationFilterChain.java:165)
	at org.springframework.web.filter.CharacterEncodingFilter.doFilterInternal(CharacterEncodingFilter.java:197)
	at org.springframework.web.filter.OncePerRequestFilter.doFilter(OncePerRequestFilter.java:107)
	at org.apache.catalina.core.ApplicationFilterChain.internalDoFilter(ApplicationFilterChain.java:192)
	at org.apache.catalina.core.ApplicationFilterChain.doFilter(ApplicationFilterChain.java:165)
	at org.apache.catalina.core.StandardWrapperValve.invoke(StandardWrapperValve.java:198)
	at org.apache.catalina.core.StandardContextValve.invoke(StandardContextValve.java:96)
	at org.apache.catalina.authenticator.AuthenticatorBase.invoke(AuthenticatorBase.java:474)
	at org.apache.catalina.core.StandardHostValve.invoke(StandardHostValve.java:140)
	at org.apache.catalina.valves.ErrorReportValve.invoke(ErrorReportValve.java:79)
	at org.apache.catalina.core.StandardEngineValve.invoke(StandardEngineValve.java:87)
	at org.apache.catalina.connector.CoyoteAdapter.service(CoyoteAdapter.java:349)
	at org.apache.coyote.http11.Http11Processor.service(Http11Processor.java:783)
	at org.apache.coyote.AbstractProcessorLight.process(AbstractProcessorLight.java:66)
	at org.apache.coyote.AbstractProtocol$ConnectionHandler.process(AbstractProtocol.java:798)
	at org.apache.tomcat.util.net.NioEndpoint$SocketProcessor.doRun(NioEndpoint.java:1434)
	at org.apache.tomcat.util.net.SocketProcessorBase.run(SocketProcessorBase.java:49)
	at java.util.concurrent.ThreadPoolExecutor.runWorker(ThreadPoolExecutor.java:1142)
	at java.util.concurrent.ThreadPoolExecutor$Worker.run(ThreadPoolExecutor.java:617)
	at org.apache.tomcat.util.threads.TaskThread$WrappingRunnable.run(TaskThread.java:61)
	at java.lang.Thread.run(Thread.java:745)
[THYMELEAF][http-nio-8080-exec-5] Exception processing template "/pages/project/ProjectList": Error resolving template "../login", template might not exist or might not be accessible by any of the configured Template Resolvers (/pages/project/ProjectList:11)
Servlet.service() for servlet [dispatcherServlet] in context with path [] threw exception [Request processing failed; nested exception is org.thymeleaf.exceptions.TemplateInputException: Error resolving template "../login", template might not exist or might not be accessible by any of the configured Template Resolvers (/pages/project/ProjectList:11)] with root cause
org.thymeleaf.exceptions.TemplateInputException: Error resolving template "../login", template might not exist or might not be accessible by any of the configured Template Resolvers (/pages/project/ProjectList:11)
	at org.thymeleaf.TemplateRepository.getTemplate(TemplateRepository.java:246)
	at org.thymeleaf.standard.fragment.StandardFragment.extractFragment(StandardFragment.java:202)
	at org.thymeleaf.standard.processor.attr.AbstractStandardFragmentHandlingAttrProcessor.computeFragment(AbstractStandardFragmentHandlingAttrProcessor.java:72)
	at org.thymeleaf.processor.attr.AbstractFragmentHandlingAttrProcessor.processAttribute(AbstractFragmentHandlingAttrProcessor.java:63)
	at org.thymeleaf.processor.attr.AbstractAttrProcessor.doProcess(AbstractAttrProcessor.java:87)
	at org.thymeleaf.processor.AbstractProcessor.process(AbstractProcessor.java:212)
	at org.thymeleaf.dom.Node.applyNextProcessor(Node.java:1017)
	at org.thymeleaf.dom.Node.processNode(Node.java:972)
	at org.thymeleaf.dom.NestableNode.computeNextChild(NestableNode.java:695)
	at org.thymeleaf.dom.NestableNode.doAdditionalProcess(NestableNode.java:668)
	at org.thymeleaf.dom.Node.processNode(Node.java:990)
	at org.thymeleaf.dom.NestableNode.computeNextChild(NestableNode.java:695)
	at org.thymeleaf.dom.NestableNode.doAdditionalProcess(NestableNode.java:668)
	at org.thymeleaf.dom.Node.processNode(Node.java:990)
	at org.thymeleaf.dom.NestableNode.computeNextChild(NestableNode.java:695)
	at org.thymeleaf.dom.NestableNode.doAdditionalProcess(NestableNode.java:668)
	at org.thymeleaf.dom.Node.processNode(Node.java:990)
	at org.thymeleaf.dom.Document.process(Document.java:93)
	at org.thymeleaf.TemplateEngine.process(TemplateEngine.java:1155)
	at org.thymeleaf.TemplateEngine.process(TemplateEngine.java:1060)
	at org.thymeleaf.TemplateEngine.process(TemplateEngine.java:1011)
	at org.thymeleaf.spring4.view.ThymeleafView.renderFragment(ThymeleafView.java:335)
	at org.thymeleaf.spring4.view.ThymeleafView.render(ThymeleafView.java:190)
	at org.springframework.web.servlet.DispatcherServlet.render(DispatcherServlet.java:1271)
	at org.springframework.web.servlet.DispatcherServlet.processDispatchResult(DispatcherServlet.java:1037)
	at org.springframework.web.servlet.DispatcherServlet.doDispatch(DispatcherServlet.java:980)
	at org.springframework.web.servlet.DispatcherServlet.doService(DispatcherServlet.java:897)
	at org.springframework.web.servlet.FrameworkServlet.processRequest(FrameworkServlet.java:970)
	at org.springframework.web.servlet.FrameworkServlet.doGet(FrameworkServlet.java:861)
	at javax.servlet.http.HttpServlet.service(HttpServlet.java:622)
	at org.springframework.web.servlet.FrameworkServlet.service(FrameworkServlet.java:846)
	at javax.servlet.http.HttpServlet.service(HttpServlet.java:729)
	at org.apache.catalina.core.ApplicationFilterChain.internalDoFilter(ApplicationFilterChain.java:230)
	at org.apache.catalina.core.ApplicationFilterChain.doFilter(ApplicationFilterChain.java:165)
	at org.apache.tomcat.websocket.server.WsFilter.doFilter(WsFilter.java:52)
	at org.apache.catalina.core.ApplicationFilterChain.internalDoFilter(ApplicationFilterChain.java:192)
	at org.apache.catalina.core.ApplicationFilterChain.doFilter(ApplicationFilterChain.java:165)
	at org.springframework.web.filter.RequestContextFilter.doFilterInternal(RequestContextFilter.java:99)
	at org.springframework.web.filter.OncePerRequestFilter.doFilter(OncePerRequestFilter.java:107)
	at org.apache.catalina.core.ApplicationFilterChain.internalDoFilter(ApplicationFilterChain.java:192)
	at org.apache.catalina.core.ApplicationFilterChain.doFilter(ApplicationFilterChain.java:165)
	at org.springframework.web.filter.HttpPutFormContentFilter.doFilterInternal(HttpPutFormContentFilter.java:105)
	at org.springframework.web.filter.OncePerRequestFilter.doFilter(OncePerRequestFilter.java:107)
	at org.apache.catalina.core.ApplicationFilterChain.internalDoFilter(ApplicationFilterChain.java:192)
	at org.apache.catalina.core.ApplicationFilterChain.doFilter(ApplicationFilterChain.java:165)
	at org.springframework.web.filter.HiddenHttpMethodFilter.doFilterInternal(HiddenHttpMethodFilter.java:81)
	at org.springframework.web.filter.OncePerRequestFilter.doFilter(OncePerRequestFilter.java:107)
	at org.apache.catalina.core.ApplicationFilterChain.internalDoFilter(ApplicationFilterChain.java:192)
	at org.apache.catalina.core.ApplicationFilterChain.doFilter(ApplicationFilterChain.java:165)
	at org.springframework.web.filter.CharacterEncodingFilter.doFilterInternal(CharacterEncodingFilter.java:197)
	at org.springframework.web.filter.OncePerRequestFilter.doFilter(OncePerRequestFilter.java:107)
	at org.apache.catalina.core.ApplicationFilterChain.internalDoFilter(ApplicationFilterChain.java:192)
	at org.apache.catalina.core.ApplicationFilterChain.doFilter(ApplicationFilterChain.java:165)
	at org.apache.catalina.core.StandardWrapperValve.invoke(StandardWrapperValve.java:198)
	at org.apache.catalina.core.StandardContextValve.invoke(StandardContextValve.java:96)
	at org.apache.catalina.authenticator.AuthenticatorBase.invoke(AuthenticatorBase.java:474)
	at org.apache.catalina.core.StandardHostValve.invoke(StandardHostValve.java:140)
	at org.apache.catalina.valves.ErrorReportValve.invoke(ErrorReportValve.java:79)
	at org.apache.catalina.core.StandardEngineValve.invoke(StandardEngineValve.java:87)
	at org.apache.catalina.connector.CoyoteAdapter.service(CoyoteAdapter.java:349)
	at org.apache.coyote.http11.Http11Processor.service(Http11Processor.java:783)
	at org.apache.coyote.AbstractProcessorLight.process(AbstractProcessorLight.java:66)
	at org.apache.coyote.AbstractProtocol$ConnectionHandler.process(AbstractProtocol.java:798)
	at org.apache.tomcat.util.net.NioEndpoint$SocketProcessor.doRun(NioEndpoint.java:1434)
	at org.apache.tomcat.util.net.SocketProcessorBase.run(SocketProcessorBase.java:49)
	at java.util.concurrent.ThreadPoolExecutor.runWorker(ThreadPoolExecutor.java:1142)
	at java.util.concurrent.ThreadPoolExecutor$Worker.run(ThreadPoolExecutor.java:617)
	at org.apache.tomcat.util.threads.TaskThread$WrappingRunnable.run(TaskThread.java:61)
	at java.lang.Thread.run(Thread.java:745)
[THYMELEAF][http-nio-8080-exec-7] Exception processing template "/pages/project/ProjectList": Error resolving template "./login", template might not exist or might not be accessible by any of the configured Template Resolvers (/pages/project/ProjectList:11)
Servlet.service() for servlet [dispatcherServlet] in context with path [] threw exception [Request processing failed; nested exception is org.thymeleaf.exceptions.TemplateInputException: Error resolving template "./login", template might not exist or might not be accessible by any of the configured Template Resolvers (/pages/project/ProjectList:11)] with root cause
org.thymeleaf.exceptions.TemplateInputException: Error resolving template "./login", template might not exist or might not be accessible by any of the configured Template Resolvers (/pages/project/ProjectList:11)
	at org.thymeleaf.TemplateRepository.getTemplate(TemplateRepository.java:246)
	at org.thymeleaf.standard.fragment.StandardFragment.extractFragment(StandardFragment.java:202)
	at org.thymeleaf.standard.processor.attr.AbstractStandardFragmentHandlingAttrProcessor.computeFragment(AbstractStandardFragmentHandlingAttrProcessor.java:72)
	at org.thymeleaf.processor.attr.AbstractFragmentHandlingAttrProcessor.processAttribute(AbstractFragmentHandlingAttrProcessor.java:63)
	at org.thymeleaf.processor.attr.AbstractAttrProcessor.doProcess(AbstractAttrProcessor.java:87)
	at org.thymeleaf.processor.AbstractProcessor.process(AbstractProcessor.java:212)
	at org.thymeleaf.dom.Node.applyNextProcessor(Node.java:1017)
	at org.thymeleaf.dom.Node.processNode(Node.java:972)
	at org.thymeleaf.dom.NestableNode.computeNextChild(NestableNode.java:695)
	at org.thymeleaf.dom.NestableNode.doAdditionalProcess(NestableNode.java:668)
	at org.thymeleaf.dom.Node.processNode(Node.java:990)
	at org.thymeleaf.dom.NestableNode.computeNextChild(NestableNode.java:695)
	at org.thymeleaf.dom.NestableNode.doAdditionalProcess(NestableNode.java:668)
	at org.thymeleaf.dom.Node.processNode(Node.java:990)
	at org.thymeleaf.dom.NestableNode.computeNextChild(NestableNode.java:695)
	at org.thymeleaf.dom.NestableNode.doAdditionalProcess(NestableNode.java:668)
	at org.thymeleaf.dom.Node.processNode(Node.java:990)
	at org.thymeleaf.dom.Document.process(Document.java:93)
	at org.thymeleaf.TemplateEngine.process(TemplateEngine.java:1155)
	at org.thymeleaf.TemplateEngine.process(TemplateEngine.java:1060)
	at org.thymeleaf.TemplateEngine.process(TemplateEngine.java:1011)
	at org.thymeleaf.spring4.view.ThymeleafView.renderFragment(ThymeleafView.java:335)
	at org.thymeleaf.spring4.view.ThymeleafView.render(ThymeleafView.java:190)
	at org.springframework.web.servlet.DispatcherServlet.render(DispatcherServlet.java:1271)
	at org.springframework.web.servlet.DispatcherServlet.processDispatchResult(DispatcherServlet.java:1037)
	at org.springframework.web.servlet.DispatcherServlet.doDispatch(DispatcherServlet.java:980)
	at org.springframework.web.servlet.DispatcherServlet.doService(DispatcherServlet.java:897)
	at org.springframework.web.servlet.FrameworkServlet.processRequest(FrameworkServlet.java:970)
	at org.springframework.web.servlet.FrameworkServlet.doGet(FrameworkServlet.java:861)
	at javax.servlet.http.HttpServlet.service(HttpServlet.java:622)
	at org.springframework.web.servlet.FrameworkServlet.service(FrameworkServlet.java:846)
	at javax.servlet.http.HttpServlet.service(HttpServlet.java:729)
	at org.apache.catalina.core.ApplicationFilterChain.internalDoFilter(ApplicationFilterChain.java:230)
	at org.apache.catalina.core.ApplicationFilterChain.doFilter(ApplicationFilterChain.java:165)
	at org.apache.tomcat.websocket.server.WsFilter.doFilter(WsFilter.java:52)
	at org.apache.catalina.core.ApplicationFilterChain.internalDoFilter(ApplicationFilterChain.java:192)
	at org.apache.catalina.core.ApplicationFilterChain.doFilter(ApplicationFilterChain.java:165)
	at org.springframework.web.filter.RequestContextFilter.doFilterInternal(RequestContextFilter.java:99)
	at org.springframework.web.filter.OncePerRequestFilter.doFilter(OncePerRequestFilter.java:107)
	at org.apache.catalina.core.ApplicationFilterChain.internalDoFilter(ApplicationFilterChain.java:192)
	at org.apache.catalina.core.ApplicationFilterChain.doFilter(ApplicationFilterChain.java:165)
	at org.springframework.web.filter.HttpPutFormContentFilter.doFilterInternal(HttpPutFormContentFilter.java:105)
	at org.springframework.web.filter.OncePerRequestFilter.doFilter(OncePerRequestFilter.java:107)
	at org.apache.catalina.core.ApplicationFilterChain.internalDoFilter(ApplicationFilterChain.java:192)
	at org.apache.catalina.core.ApplicationFilterChain.doFilter(ApplicationFilterChain.java:165)
	at org.springframework.web.filter.HiddenHttpMethodFilter.doFilterInternal(HiddenHttpMethodFilter.java:81)
	at org.springframework.web.filter.OncePerRequestFilter.doFilter(OncePerRequestFilter.java:107)
	at org.apache.catalina.core.ApplicationFilterChain.internalDoFilter(ApplicationFilterChain.java:192)
	at org.apache.catalina.core.ApplicationFilterChain.doFilter(ApplicationFilterChain.java:165)
	at org.springframework.web.filter.CharacterEncodingFilter.doFilterInternal(CharacterEncodingFilter.java:197)
	at org.springframework.web.filter.OncePerRequestFilter.doFilter(OncePerRequestFilter.java:107)
	at org.apache.catalina.core.ApplicationFilterChain.internalDoFilter(ApplicationFilterChain.java:192)
	at org.apache.catalina.core.ApplicationFilterChain.doFilter(ApplicationFilterChain.java:165)
	at org.apache.catalina.core.StandardWrapperValve.invoke(StandardWrapperValve.java:198)
	at org.apache.catalina.core.StandardContextValve.invoke(StandardContextValve.java:96)
	at org.apache.catalina.authenticator.AuthenticatorBase.invoke(AuthenticatorBase.java:474)
	at org.apache.catalina.core.StandardHostValve.invoke(StandardHostValve.java:140)
	at org.apache.catalina.valves.ErrorReportValve.invoke(ErrorReportValve.java:79)
	at org.apache.catalina.core.StandardEngineValve.invoke(StandardEngineValve.java:87)
	at org.apache.catalina.connector.CoyoteAdapter.service(CoyoteAdapter.java:349)
	at org.apache.coyote.http11.Http11Processor.service(Http11Processor.java:783)
	at org.apache.coyote.AbstractProcessorLight.process(AbstractProcessorLight.java:66)
	at org.apache.coyote.AbstractProtocol$ConnectionHandler.process(AbstractProtocol.java:798)
	at org.apache.tomcat.util.net.NioEndpoint$SocketProcessor.doRun(NioEndpoint.java:1434)
	at org.apache.tomcat.util.net.SocketProcessorBase.run(SocketProcessorBase.java:49)
	at java.util.concurrent.ThreadPoolExecutor.runWorker(ThreadPoolExecutor.java:1142)
	at java.util.concurrent.ThreadPoolExecutor$Worker.run(ThreadPoolExecutor.java:617)
	at org.apache.tomcat.util.threads.TaskThread$WrappingRunnable.run(TaskThread.java:61)
	at java.lang.Thread.run(Thread.java:745)
[THYMELEAF][http-nio-8080-exec-10] Exception processing template "/pages/project/ProjectList": Error resolving template "/login", template might not exist or might not be accessible by any of the configured Template Resolvers (/pages/project/ProjectList:11)
Servlet.service() for servlet [dispatcherServlet] in context with path [] threw exception [Request processing failed; nested exception is org.thymeleaf.exceptions.TemplateInputException: Error resolving template "/login", template might not exist or might not be accessible by any of the configured Template Resolvers (/pages/project/ProjectList:11)] with root cause
org.thymeleaf.exceptions.TemplateInputException: Error resolving template "/login", template might not exist or might not be accessible by any of the configured Template Resolvers (/pages/project/ProjectList:11)
	at org.thymeleaf.TemplateRepository.getTemplate(TemplateRepository.java:246)
	at org.thymeleaf.standard.fragment.StandardFragment.extractFragment(StandardFragment.java:202)
	at org.thymeleaf.standard.processor.attr.AbstractStandardFragmentHandlingAttrProcessor.computeFragment(AbstractStandardFragmentHandlingAttrProcessor.java:72)
	at org.thymeleaf.processor.attr.AbstractFragmentHandlingAttrProcessor.processAttribute(AbstractFragmentHandlingAttrProcessor.java:63)
	at org.thymeleaf.processor.attr.AbstractAttrProcessor.doProcess(AbstractAttrProcessor.java:87)
	at org.thymeleaf.processor.AbstractProcessor.process(AbstractProcessor.java:212)
	at org.thymeleaf.dom.Node.applyNextProcessor(Node.java:1017)
	at org.thymeleaf.dom.Node.processNode(Node.java:972)
	at org.thymeleaf.dom.NestableNode.computeNextChild(NestableNode.java:695)
	at org.thymeleaf.dom.NestableNode.doAdditionalProcess(NestableNode.java:668)
	at org.thymeleaf.dom.Node.processNode(Node.java:990)
	at org.thymeleaf.dom.NestableNode.computeNextChild(NestableNode.java:695)
	at org.thymeleaf.dom.NestableNode.doAdditionalProcess(NestableNode.java:668)
	at org.thymeleaf.dom.Node.processNode(Node.java:990)
	at org.thymeleaf.dom.NestableNode.computeNextChild(NestableNode.java:695)
	at org.thymeleaf.dom.NestableNode.doAdditionalProcess(NestableNode.java:668)
	at org.thymeleaf.dom.Node.processNode(Node.java:990)
	at org.thymeleaf.dom.Document.process(Document.java:93)
	at org.thymeleaf.TemplateEngine.process(TemplateEngine.java:1155)
	at org.thymeleaf.TemplateEngine.process(TemplateEngine.java:1060)
	at org.thymeleaf.TemplateEngine.process(TemplateEngine.java:1011)
	at org.thymeleaf.spring4.view.ThymeleafView.renderFragment(ThymeleafView.java:335)
	at org.thymeleaf.spring4.view.ThymeleafView.render(ThymeleafView.java:190)
	at org.springframework.web.servlet.DispatcherServlet.render(DispatcherServlet.java:1271)
	at org.springframework.web.servlet.DispatcherServlet.processDispatchResult(DispatcherServlet.java:1037)
	at org.springframework.web.servlet.DispatcherServlet.doDispatch(DispatcherServlet.java:980)
	at org.springframework.web.servlet.DispatcherServlet.doService(DispatcherServlet.java:897)
	at org.springframework.web.servlet.FrameworkServlet.processRequest(FrameworkServlet.java:970)
	at org.springframework.web.servlet.FrameworkServlet.doGet(FrameworkServlet.java:861)
	at javax.servlet.http.HttpServlet.service(HttpServlet.java:622)
	at org.springframework.web.servlet.FrameworkServlet.service(FrameworkServlet.java:846)
	at javax.servlet.http.HttpServlet.service(HttpServlet.java:729)
	at org.apache.catalina.core.ApplicationFilterChain.internalDoFilter(ApplicationFilterChain.java:230)
	at org.apache.catalina.core.ApplicationFilterChain.doFilter(ApplicationFilterChain.java:165)
	at org.apache.tomcat.websocket.server.WsFilter.doFilter(WsFilter.java:52)
	at org.apache.catalina.core.ApplicationFilterChain.internalDoFilter(ApplicationFilterChain.java:192)
	at org.apache.catalina.core.ApplicationFilterChain.doFilter(ApplicationFilterChain.java:165)
	at org.springframework.web.filter.RequestContextFilter.doFilterInternal(RequestContextFilter.java:99)
	at org.springframework.web.filter.OncePerRequestFilter.doFilter(OncePerRequestFilter.java:107)
	at org.apache.catalina.core.ApplicationFilterChain.internalDoFilter(ApplicationFilterChain.java:192)
	at org.apache.catalina.core.ApplicationFilterChain.doFilter(ApplicationFilterChain.java:165)
	at org.springframework.web.filter.HttpPutFormContentFilter.doFilterInternal(HttpPutFormContentFilter.java:105)
	at org.springframework.web.filter.OncePerRequestFilter.doFilter(OncePerRequestFilter.java:107)
	at org.apache.catalina.core.ApplicationFilterChain.internalDoFilter(ApplicationFilterChain.java:192)
	at org.apache.catalina.core.ApplicationFilterChain.doFilter(ApplicationFilterChain.java:165)
	at org.springframework.web.filter.HiddenHttpMethodFilter.doFilterInternal(HiddenHttpMethodFilter.java:81)
	at org.springframework.web.filter.OncePerRequestFilter.doFilter(OncePerRequestFilter.java:107)
	at org.apache.catalina.core.ApplicationFilterChain.internalDoFilter(ApplicationFilterChain.java:192)
	at org.apache.catalina.core.ApplicationFilterChain.doFilter(ApplicationFilterChain.java:165)
	at org.springframework.web.filter.CharacterEncodingFilter.doFilterInternal(CharacterEncodingFilter.java:197)
	at org.springframework.web.filter.OncePerRequestFilter.doFilter(OncePerRequestFilter.java:107)
	at org.apache.catalina.core.ApplicationFilterChain.internalDoFilter(ApplicationFilterChain.java:192)
	at org.apache.catalina.core.ApplicationFilterChain.doFilter(ApplicationFilterChain.java:165)
	at org.apache.catalina.core.StandardWrapperValve.invoke(StandardWrapperValve.java:198)
	at org.apache.catalina.core.StandardContextValve.invoke(StandardContextValve.java:96)
	at org.apache.catalina.authenticator.AuthenticatorBase.invoke(AuthenticatorBase.java:474)
	at org.apache.catalina.core.StandardHostValve.invoke(StandardHostValve.java:140)
	at org.apache.catalina.valves.ErrorReportValve.invoke(ErrorReportValve.java:79)
	at org.apache.catalina.core.StandardEngineValve.invoke(StandardEngineValve.java:87)
	at org.apache.catalina.connector.CoyoteAdapter.service(CoyoteAdapter.java:349)
	at org.apache.coyote.http11.Http11Processor.service(Http11Processor.java:783)
	at org.apache.coyote.AbstractProcessorLight.process(AbstractProcessorLight.java:66)
	at org.apache.coyote.AbstractProtocol$ConnectionHandler.process(AbstractProtocol.java:798)
	at org.apache.tomcat.util.net.NioEndpoint$SocketProcessor.doRun(NioEndpoint.java:1434)
	at org.apache.tomcat.util.net.SocketProcessorBase.run(SocketProcessorBase.java:49)
	at java.util.concurrent.ThreadPoolExecutor.runWorker(ThreadPoolExecutor.java:1142)
	at java.util.concurrent.ThreadPoolExecutor$Worker.run(ThreadPoolExecutor.java:617)
	at org.apache.tomcat.util.threads.TaskThread$WrappingRunnable.run(TaskThread.java:61)
	at java.lang.Thread.run(Thread.java:745)
[THYMELEAF][http-nio-8080-exec-4] Exception processing template "/pages/project/ProjectList": Error resolving template "login", template might not exist or might not be accessible by any of the configured Template Resolvers (/pages/project/ProjectList:11)
Servlet.service() for servlet [dispatcherServlet] in context with path [] threw exception [Request processing failed; nested exception is org.thymeleaf.exceptions.TemplateInputException: Error resolving template "login", template might not exist or might not be accessible by any of the configured Template Resolvers (/pages/project/ProjectList:11)] with root cause
org.thymeleaf.exceptions.TemplateInputException: Error resolving template "login", template might not exist or might not be accessible by any of the configured Template Resolvers (/pages/project/ProjectList:11)
	at org.thymeleaf.TemplateRepository.getTemplate(TemplateRepository.java:246)
	at org.thymeleaf.standard.fragment.StandardFragment.extractFragment(StandardFragment.java:202)
	at org.thymeleaf.standard.processor.attr.AbstractStandardFragmentHandlingAttrProcessor.computeFragment(AbstractStandardFragmentHandlingAttrProcessor.java:72)
	at org.thymeleaf.processor.attr.AbstractFragmentHandlingAttrProcessor.processAttribute(AbstractFragmentHandlingAttrProcessor.java:63)
	at org.thymeleaf.processor.attr.AbstractAttrProcessor.doProcess(AbstractAttrProcessor.java:87)
	at org.thymeleaf.processor.AbstractProcessor.process(AbstractProcessor.java:212)
	at org.thymeleaf.dom.Node.applyNextProcessor(Node.java:1017)
	at org.thymeleaf.dom.Node.processNode(Node.java:972)
	at org.thymeleaf.dom.NestableNode.computeNextChild(NestableNode.java:695)
	at org.thymeleaf.dom.NestableNode.doAdditionalProcess(NestableNode.java:668)
	at org.thymeleaf.dom.Node.processNode(Node.java:990)
	at org.thymeleaf.dom.NestableNode.computeNextChild(NestableNode.java:695)
	at org.thymeleaf.dom.NestableNode.doAdditionalProcess(NestableNode.java:668)
	at org.thymeleaf.dom.Node.processNode(Node.java:990)
	at org.thymeleaf.dom.NestableNode.computeNextChild(NestableNode.java:695)
	at org.thymeleaf.dom.NestableNode.doAdditionalProcess(NestableNode.java:668)
	at org.thymeleaf.dom.Node.processNode(Node.java:990)
	at org.thymeleaf.dom.Document.process(Document.java:93)
	at org.thymeleaf.TemplateEngine.process(TemplateEngine.java:1155)
	at org.thymeleaf.TemplateEngine.process(TemplateEngine.java:1060)
	at org.thymeleaf.TemplateEngine.process(TemplateEngine.java:1011)
	at org.thymeleaf.spring4.view.ThymeleafView.renderFragment(ThymeleafView.java:335)
	at org.thymeleaf.spring4.view.ThymeleafView.render(ThymeleafView.java:190)
	at org.springframework.web.servlet.DispatcherServlet.render(DispatcherServlet.java:1271)
	at org.springframework.web.servlet.DispatcherServlet.processDispatchResult(DispatcherServlet.java:1037)
	at org.springframework.web.servlet.DispatcherServlet.doDispatch(DispatcherServlet.java:980)
	at org.springframework.web.servlet.DispatcherServlet.doService(DispatcherServlet.java:897)
	at org.springframework.web.servlet.FrameworkServlet.processRequest(FrameworkServlet.java:970)
	at org.springframework.web.servlet.FrameworkServlet.doGet(FrameworkServlet.java:861)
	at javax.servlet.http.HttpServlet.service(HttpServlet.java:622)
	at org.springframework.web.servlet.FrameworkServlet.service(FrameworkServlet.java:846)
	at javax.servlet.http.HttpServlet.service(HttpServlet.java:729)
	at org.apache.catalina.core.ApplicationFilterChain.internalDoFilter(ApplicationFilterChain.java:230)
	at org.apache.catalina.core.ApplicationFilterChain.doFilter(ApplicationFilterChain.java:165)
	at org.apache.tomcat.websocket.server.WsFilter.doFilter(WsFilter.java:52)
	at org.apache.catalina.core.ApplicationFilterChain.internalDoFilter(ApplicationFilterChain.java:192)
	at org.apache.catalina.core.ApplicationFilterChain.doFilter(ApplicationFilterChain.java:165)
	at org.springframework.web.filter.RequestContextFilter.doFilterInternal(RequestContextFilter.java:99)
	at org.springframework.web.filter.OncePerRequestFilter.doFilter(OncePerRequestFilter.java:107)
	at org.apache.catalina.core.ApplicationFilterChain.internalDoFilter(ApplicationFilterChain.java:192)
	at org.apache.catalina.core.ApplicationFilterChain.doFilter(ApplicationFilterChain.java:165)
	at org.springframework.web.filter.HttpPutFormContentFilter.doFilterInternal(HttpPutFormContentFilter.java:105)
	at org.springframework.web.filter.OncePerRequestFilter.doFilter(OncePerRequestFilter.java:107)
	at org.apache.catalina.core.ApplicationFilterChain.internalDoFilter(ApplicationFilterChain.java:192)
	at org.apache.catalina.core.ApplicationFilterChain.doFilter(ApplicationFilterChain.java:165)
	at org.springframework.web.filter.HiddenHttpMethodFilter.doFilterInternal(HiddenHttpMethodFilter.java:81)
	at org.springframework.web.filter.OncePerRequestFilter.doFilter(OncePerRequestFilter.java:107)
	at org.apache.catalina.core.ApplicationFilterChain.internalDoFilter(ApplicationFilterChain.java:192)
	at org.apache.catalina.core.ApplicationFilterChain.doFilter(ApplicationFilterChain.java:165)
	at org.springframework.web.filter.CharacterEncodingFilter.doFilterInternal(CharacterEncodingFilter.java:197)
	at org.springframework.web.filter.OncePerRequestFilter.doFilter(OncePerRequestFilter.java:107)
	at org.apache.catalina.core.ApplicationFilterChain.internalDoFilter(ApplicationFilterChain.java:192)
	at org.apache.catalina.core.ApplicationFilterChain.doFilter(ApplicationFilterChain.java:165)
	at org.apache.catalina.core.StandardWrapperValve.invoke(StandardWrapperValve.java:198)
	at org.apache.catalina.core.StandardContextValve.invoke(StandardContextValve.java:96)
	at org.apache.catalina.authenticator.AuthenticatorBase.invoke(AuthenticatorBase.java:474)
	at org.apache.catalina.core.StandardHostValve.invoke(StandardHostValve.java:140)
	at org.apache.catalina.valves.ErrorReportValve.invoke(ErrorReportValve.java:79)
	at org.apache.catalina.core.StandardEngineValve.invoke(StandardEngineValve.java:87)
	at org.apache.catalina.connector.CoyoteAdapter.service(CoyoteAdapter.java:349)
	at org.apache.coyote.http11.Http11Processor.service(Http11Processor.java:783)
	at org.apache.coyote.AbstractProcessorLight.process(AbstractProcessorLight.java:66)
	at org.apache.coyote.AbstractProtocol$ConnectionHandler.process(AbstractProtocol.java:798)
	at org.apache.tomcat.util.net.NioEndpoint$SocketProcessor.doRun(NioEndpoint.java:1434)
	at org.apache.tomcat.util.net.SocketProcessorBase.run(SocketProcessorBase.java:49)
	at java.util.concurrent.ThreadPoolExecutor.runWorker(ThreadPoolExecutor.java:1142)
	at java.util.concurrent.ThreadPoolExecutor$Worker.run(ThreadPoolExecutor.java:617)
	at org.apache.tomcat.util.threads.TaskThread$WrappingRunnable.run(TaskThread.java:61)
	at java.lang.Thread.run(Thread.java:745)
[THYMELEAF][http-nio-8080-exec-8] Exception processing template "/pages/project/ProjectList": Error resolving template "header", template might not exist or might not be accessible by any of the configured Template Resolvers (/pages/project/ProjectList:8)
Servlet.service() for servlet [dispatcherServlet] in context with path [] threw exception [Request processing failed; nested exception is org.thymeleaf.exceptions.TemplateInputException: Error resolving template "header", template might not exist or might not be accessible by any of the configured Template Resolvers (/pages/project/ProjectList:8)] with root cause
org.thymeleaf.exceptions.TemplateInputException: Error resolving template "header", template might not exist or might not be accessible by any of the configured Template Resolvers (/pages/project/ProjectList:8)
	at org.thymeleaf.TemplateRepository.getTemplate(TemplateRepository.java:246)
	at org.thymeleaf.standard.fragment.StandardFragment.extractFragment(StandardFragment.java:202)
	at org.thymeleaf.standard.processor.attr.AbstractStandardFragmentHandlingAttrProcessor.computeFragment(AbstractStandardFragmentHandlingAttrProcessor.java:72)
	at org.thymeleaf.processor.attr.AbstractFragmentHandlingAttrProcessor.processAttribute(AbstractFragmentHandlingAttrProcessor.java:63)
	at org.thymeleaf.processor.attr.AbstractAttrProcessor.doProcess(AbstractAttrProcessor.java:87)
	at org.thymeleaf.processor.AbstractProcessor.process(AbstractProcessor.java:212)
	at org.thymeleaf.dom.Node.applyNextProcessor(Node.java:1017)
	at org.thymeleaf.dom.Node.processNode(Node.java:972)
	at org.thymeleaf.dom.NestableNode.computeNextChild(NestableNode.java:695)
	at org.thymeleaf.dom.NestableNode.doAdditionalProcess(NestableNode.java:668)
	at org.thymeleaf.dom.Node.processNode(Node.java:990)
	at org.thymeleaf.dom.NestableNode.computeNextChild(NestableNode.java:695)
	at org.thymeleaf.dom.NestableNode.doAdditionalProcess(NestableNode.java:668)
	at org.thymeleaf.dom.Node.processNode(Node.java:990)
	at org.thymeleaf.dom.NestableNode.computeNextChild(NestableNode.java:695)
	at org.thymeleaf.dom.NestableNode.doAdditionalProcess(NestableNode.java:668)
	at org.thymeleaf.dom.Node.processNode(Node.java:990)
	at org.thymeleaf.dom.Document.process(Document.java:93)
	at org.thymeleaf.TemplateEngine.process(TemplateEngine.java:1155)
	at org.thymeleaf.TemplateEngine.process(TemplateEngine.java:1060)
	at org.thymeleaf.TemplateEngine.process(TemplateEngine.java:1011)
	at org.thymeleaf.spring4.view.ThymeleafView.renderFragment(ThymeleafView.java:335)
	at org.thymeleaf.spring4.view.ThymeleafView.render(ThymeleafView.java:190)
	at org.springframework.web.servlet.DispatcherServlet.render(DispatcherServlet.java:1271)
	at org.springframework.web.servlet.DispatcherServlet.processDispatchResult(DispatcherServlet.java:1037)
	at org.springframework.web.servlet.DispatcherServlet.doDispatch(DispatcherServlet.java:980)
	at org.springframework.web.servlet.DispatcherServlet.doService(DispatcherServlet.java:897)
	at org.springframework.web.servlet.FrameworkServlet.processRequest(FrameworkServlet.java:970)
	at org.springframework.web.servlet.FrameworkServlet.doGet(FrameworkServlet.java:861)
	at javax.servlet.http.HttpServlet.service(HttpServlet.java:622)
	at org.springframework.web.servlet.FrameworkServlet.service(FrameworkServlet.java:846)
	at javax.servlet.http.HttpServlet.service(HttpServlet.java:729)
	at org.apache.catalina.core.ApplicationFilterChain.internalDoFilter(ApplicationFilterChain.java:230)
	at org.apache.catalina.core.ApplicationFilterChain.doFilter(ApplicationFilterChain.java:165)
	at org.apache.tomcat.websocket.server.WsFilter.doFilter(WsFilter.java:52)
	at org.apache.catalina.core.ApplicationFilterChain.internalDoFilter(ApplicationFilterChain.java:192)
	at org.apache.catalina.core.ApplicationFilterChain.doFilter(ApplicationFilterChain.java:165)
	at org.springframework.web.filter.RequestContextFilter.doFilterInternal(RequestContextFilter.java:99)
	at org.springframework.web.filter.OncePerRequestFilter.doFilter(OncePerRequestFilter.java:107)
	at org.apache.catalina.core.ApplicationFilterChain.internalDoFilter(ApplicationFilterChain.java:192)
	at org.apache.catalina.core.ApplicationFilterChain.doFilter(ApplicationFilterChain.java:165)
	at org.springframework.web.filter.HttpPutFormContentFilter.doFilterInternal(HttpPutFormContentFilter.java:105)
	at org.springframework.web.filter.OncePerRequestFilter.doFilter(OncePerRequestFilter.java:107)
	at org.apache.catalina.core.ApplicationFilterChain.internalDoFilter(ApplicationFilterChain.java:192)
	at org.apache.catalina.core.ApplicationFilterChain.doFilter(ApplicationFilterChain.java:165)
	at org.springframework.web.filter.HiddenHttpMethodFilter.doFilterInternal(HiddenHttpMethodFilter.java:81)
	at org.springframework.web.filter.OncePerRequestFilter.doFilter(OncePerRequestFilter.java:107)
	at org.apache.catalina.core.ApplicationFilterChain.internalDoFilter(ApplicationFilterChain.java:192)
	at org.apache.catalina.core.ApplicationFilterChain.doFilter(ApplicationFilterChain.java:165)
	at org.springframework.web.filter.CharacterEncodingFilter.doFilterInternal(CharacterEncodingFilter.java:197)
	at org.springframework.web.filter.OncePerRequestFilter.doFilter(OncePerRequestFilter.java:107)
	at org.apache.catalina.core.ApplicationFilterChain.internalDoFilter(ApplicationFilterChain.java:192)
	at org.apache.catalina.core.ApplicationFilterChain.doFilter(ApplicationFilterChain.java:165)
	at org.apache.catalina.core.StandardWrapperValve.invoke(StandardWrapperValve.java:198)
	at org.apache.catalina.core.StandardContextValve.invoke(StandardContextValve.java:96)
	at org.apache.catalina.authenticator.AuthenticatorBase.invoke(AuthenticatorBase.java:474)
	at org.apache.catalina.core.StandardHostValve.invoke(StandardHostValve.java:140)
	at org.apache.catalina.valves.ErrorReportValve.invoke(ErrorReportValve.java:79)
	at org.apache.catalina.core.StandardEngineValve.invoke(StandardEngineValve.java:87)
	at org.apache.catalina.connector.CoyoteAdapter.service(CoyoteAdapter.java:349)
	at org.apache.coyote.http11.Http11Processor.service(Http11Processor.java:783)
	at org.apache.coyote.AbstractProcessorLight.process(AbstractProcessorLight.java:66)
	at org.apache.coyote.AbstractProtocol$ConnectionHandler.process(AbstractProtocol.java:798)
	at org.apache.tomcat.util.net.NioEndpoint$SocketProcessor.doRun(NioEndpoint.java:1434)
	at org.apache.tomcat.util.net.SocketProcessorBase.run(SocketProcessorBase.java:49)
	at java.util.concurrent.ThreadPoolExecutor.runWorker(ThreadPoolExecutor.java:1142)
	at java.util.concurrent.ThreadPoolExecutor$Worker.run(ThreadPoolExecutor.java:617)
	at org.apache.tomcat.util.threads.TaskThread$WrappingRunnable.run(TaskThread.java:61)
	at java.lang.Thread.run(Thread.java:745)
[THYMELEAF][http-nio-8080-exec-1] Exception processing template "/pages/project/ProjectList": Error resolving template "header", template might not exist or might not be accessible by any of the configured Template Resolvers (/pages/project/ProjectList:8)
Servlet.service() for servlet [dispatcherServlet] in context with path [] threw exception [Request processing failed; nested exception is org.thymeleaf.exceptions.TemplateInputException: Error resolving template "header", template might not exist or might not be accessible by any of the configured Template Resolvers (/pages/project/ProjectList:8)] with root cause
org.thymeleaf.exceptions.TemplateInputException: Error resolving template "header", template might not exist or might not be accessible by any of the configured Template Resolvers (/pages/project/ProjectList:8)
	at org.thymeleaf.TemplateRepository.getTemplate(TemplateRepository.java:246)
	at org.thymeleaf.standard.fragment.StandardFragment.extractFragment(StandardFragment.java:202)
	at org.thymeleaf.standard.processor.attr.AbstractStandardFragmentHandlingAttrProcessor.computeFragment(AbstractStandardFragmentHandlingAttrProcessor.java:72)
	at org.thymeleaf.processor.attr.AbstractFragmentHandlingAttrProcessor.processAttribute(AbstractFragmentHandlingAttrProcessor.java:63)
	at org.thymeleaf.processor.attr.AbstractAttrProcessor.doProcess(AbstractAttrProcessor.java:87)
	at org.thymeleaf.processor.AbstractProcessor.process(AbstractProcessor.java:212)
	at org.thymeleaf.dom.Node.applyNextProcessor(Node.java:1017)
	at org.thymeleaf.dom.Node.processNode(Node.java:972)
	at org.thymeleaf.dom.NestableNode.computeNextChild(NestableNode.java:695)
	at org.thymeleaf.dom.NestableNode.doAdditionalProcess(NestableNode.java:668)
	at org.thymeleaf.dom.Node.processNode(Node.java:990)
	at org.thymeleaf.dom.NestableNode.computeNextChild(NestableNode.java:695)
	at org.thymeleaf.dom.NestableNode.doAdditionalProcess(NestableNode.java:668)
	at org.thymeleaf.dom.Node.processNode(Node.java:990)
	at org.thymeleaf.dom.NestableNode.computeNextChild(NestableNode.java:695)
	at org.thymeleaf.dom.NestableNode.doAdditionalProcess(NestableNode.java:668)
	at org.thymeleaf.dom.Node.processNode(Node.java:990)
	at org.thymeleaf.dom.Document.process(Document.java:93)
	at org.thymeleaf.TemplateEngine.process(TemplateEngine.java:1155)
	at org.thymeleaf.TemplateEngine.process(TemplateEngine.java:1060)
	at org.thymeleaf.TemplateEngine.process(TemplateEngine.java:1011)
	at org.thymeleaf.spring4.view.ThymeleafView.renderFragment(ThymeleafView.java:335)
	at org.thymeleaf.spring4.view.ThymeleafView.render(ThymeleafView.java:190)
	at org.springframework.web.servlet.DispatcherServlet.render(DispatcherServlet.java:1271)
	at org.springframework.web.servlet.DispatcherServlet.processDispatchResult(DispatcherServlet.java:1037)
	at org.springframework.web.servlet.DispatcherServlet.doDispatch(DispatcherServlet.java:980)
	at org.springframework.web.servlet.DispatcherServlet.doService(DispatcherServlet.java:897)
	at org.springframework.web.servlet.FrameworkServlet.processRequest(FrameworkServlet.java:970)
	at org.springframework.web.servlet.FrameworkServlet.doGet(FrameworkServlet.java:861)
	at javax.servlet.http.HttpServlet.service(HttpServlet.java:622)
	at org.springframework.web.servlet.FrameworkServlet.service(FrameworkServlet.java:846)
	at javax.servlet.http.HttpServlet.service(HttpServlet.java:729)
	at org.apache.catalina.core.ApplicationFilterChain.internalDoFilter(ApplicationFilterChain.java:230)
	at org.apache.catalina.core.ApplicationFilterChain.doFilter(ApplicationFilterChain.java:165)
	at org.apache.tomcat.websocket.server.WsFilter.doFilter(WsFilter.java:52)
	at org.apache.catalina.core.ApplicationFilterChain.internalDoFilter(ApplicationFilterChain.java:192)
	at org.apache.catalina.core.ApplicationFilterChain.doFilter(ApplicationFilterChain.java:165)
	at org.springframework.web.filter.RequestContextFilter.doFilterInternal(RequestContextFilter.java:99)
	at org.springframework.web.filter.OncePerRequestFilter.doFilter(OncePerRequestFilter.java:107)
	at org.apache.catalina.core.ApplicationFilterChain.internalDoFilter(ApplicationFilterChain.java:192)
	at org.apache.catalina.core.ApplicationFilterChain.doFilter(ApplicationFilterChain.java:165)
	at org.springframework.web.filter.HttpPutFormContentFilter.doFilterInternal(HttpPutFormContentFilter.java:105)
	at org.springframework.web.filter.OncePerRequestFilter.doFilter(OncePerRequestFilter.java:107)
	at org.apache.catalina.core.ApplicationFilterChain.internalDoFilter(ApplicationFilterChain.java:192)
	at org.apache.catalina.core.ApplicationFilterChain.doFilter(ApplicationFilterChain.java:165)
	at org.springframework.web.filter.HiddenHttpMethodFilter.doFilterInternal(HiddenHttpMethodFilter.java:81)
	at org.springframework.web.filter.OncePerRequestFilter.doFilter(OncePerRequestFilter.java:107)
	at org.apache.catalina.core.ApplicationFilterChain.internalDoFilter(ApplicationFilterChain.java:192)
	at org.apache.catalina.core.ApplicationFilterChain.doFilter(ApplicationFilterChain.java:165)
	at org.springframework.web.filter.CharacterEncodingFilter.doFilterInternal(CharacterEncodingFilter.java:197)
	at org.springframework.web.filter.OncePerRequestFilter.doFilter(OncePerRequestFilter.java:107)
	at org.apache.catalina.core.ApplicationFilterChain.internalDoFilter(ApplicationFilterChain.java:192)
	at org.apache.catalina.core.ApplicationFilterChain.doFilter(ApplicationFilterChain.java:165)
	at org.apache.catalina.core.StandardWrapperValve.invoke(StandardWrapperValve.java:198)
	at org.apache.catalina.core.StandardContextValve.invoke(StandardContextValve.java:96)
	at org.apache.catalina.authenticator.AuthenticatorBase.invoke(AuthenticatorBase.java:474)
	at org.apache.catalina.core.StandardHostValve.invoke(StandardHostValve.java:140)
	at org.apache.catalina.valves.ErrorReportValve.invoke(ErrorReportValve.java:79)
	at org.apache.catalina.core.StandardEngineValve.invoke(StandardEngineValve.java:87)
	at org.apache.catalina.connector.CoyoteAdapter.service(CoyoteAdapter.java:349)
	at org.apache.coyote.http11.Http11Processor.service(Http11Processor.java:783)
	at org.apache.coyote.AbstractProcessorLight.process(AbstractProcessorLight.java:66)
	at org.apache.coyote.AbstractProtocol$ConnectionHandler.process(AbstractProtocol.java:798)
	at org.apache.tomcat.util.net.NioEndpoint$SocketProcessor.doRun(NioEndpoint.java:1434)
	at org.apache.tomcat.util.net.SocketProcessorBase.run(SocketProcessorBase.java:49)
	at java.util.concurrent.ThreadPoolExecutor.runWorker(ThreadPoolExecutor.java:1142)
	at java.util.concurrent.ThreadPoolExecutor$Worker.run(ThreadPoolExecutor.java:617)
	at org.apache.tomcat.util.threads.TaskThread$WrappingRunnable.run(TaskThread.java:61)
	at java.lang.Thread.run(Thread.java:745)
[THYMELEAF][http-nio-8080-exec-4] Exception processing template "/pages/project/ProjectList": Error resolving template "header", template might not exist or might not be accessible by any of the configured Template Resolvers (/pages/project/ProjectList:8)
Servlet.service() for servlet [dispatcherServlet] in context with path [] threw exception [Request processing failed; nested exception is org.thymeleaf.exceptions.TemplateInputException: Error resolving template "header", template might not exist or might not be accessible by any of the configured Template Resolvers (/pages/project/ProjectList:8)] with root cause
org.thymeleaf.exceptions.TemplateInputException: Error resolving template "header", template might not exist or might not be accessible by any of the configured Template Resolvers (/pages/project/ProjectList:8)
	at org.thymeleaf.TemplateRepository.getTemplate(TemplateRepository.java:246)
	at org.thymeleaf.standard.fragment.StandardFragment.extractFragment(StandardFragment.java:202)
	at org.thymeleaf.standard.processor.attr.AbstractStandardFragmentHandlingAttrProcessor.computeFragment(AbstractStandardFragmentHandlingAttrProcessor.java:72)
	at org.thymeleaf.processor.attr.AbstractFragmentHandlingAttrProcessor.processAttribute(AbstractFragmentHandlingAttrProcessor.java:63)
	at org.thymeleaf.processor.attr.AbstractAttrProcessor.doProcess(AbstractAttrProcessor.java:87)
	at org.thymeleaf.processor.AbstractProcessor.process(AbstractProcessor.java:212)
	at org.thymeleaf.dom.Node.applyNextProcessor(Node.java:1017)
	at org.thymeleaf.dom.Node.processNode(Node.java:972)
	at org.thymeleaf.dom.NestableNode.computeNextChild(NestableNode.java:695)
	at org.thymeleaf.dom.NestableNode.doAdditionalProcess(NestableNode.java:668)
	at org.thymeleaf.dom.Node.processNode(Node.java:990)
	at org.thymeleaf.dom.NestableNode.computeNextChild(NestableNode.java:695)
	at org.thymeleaf.dom.NestableNode.doAdditionalProcess(NestableNode.java:668)
	at org.thymeleaf.dom.Node.processNode(Node.java:990)
	at org.thymeleaf.dom.NestableNode.computeNextChild(NestableNode.java:695)
	at org.thymeleaf.dom.NestableNode.doAdditionalProcess(NestableNode.java:668)
	at org.thymeleaf.dom.Node.processNode(Node.java:990)
	at org.thymeleaf.dom.Document.process(Document.java:93)
	at org.thymeleaf.TemplateEngine.process(TemplateEngine.java:1155)
	at org.thymeleaf.TemplateEngine.process(TemplateEngine.java:1060)
	at org.thymeleaf.TemplateEngine.process(TemplateEngine.java:1011)
	at org.thymeleaf.spring4.view.ThymeleafView.renderFragment(ThymeleafView.java:335)
	at org.thymeleaf.spring4.view.ThymeleafView.render(ThymeleafView.java:190)
	at org.springframework.web.servlet.DispatcherServlet.render(DispatcherServlet.java:1271)
	at org.springframework.web.servlet.DispatcherServlet.processDispatchResult(DispatcherServlet.java:1037)
	at org.springframework.web.servlet.DispatcherServlet.doDispatch(DispatcherServlet.java:980)
	at org.springframework.web.servlet.DispatcherServlet.doService(DispatcherServlet.java:897)
	at org.springframework.web.servlet.FrameworkServlet.processRequest(FrameworkServlet.java:970)
	at org.springframework.web.servlet.FrameworkServlet.doGet(FrameworkServlet.java:861)
	at javax.servlet.http.HttpServlet.service(HttpServlet.java:622)
	at org.springframework.web.servlet.FrameworkServlet.service(FrameworkServlet.java:846)
	at javax.servlet.http.HttpServlet.service(HttpServlet.java:729)
	at org.apache.catalina.core.ApplicationFilterChain.internalDoFilter(ApplicationFilterChain.java:230)
	at org.apache.catalina.core.ApplicationFilterChain.doFilter(ApplicationFilterChain.java:165)
	at org.apache.tomcat.websocket.server.WsFilter.doFilter(WsFilter.java:52)
	at org.apache.catalina.core.ApplicationFilterChain.internalDoFilter(ApplicationFilterChain.java:192)
	at org.apache.catalina.core.ApplicationFilterChain.doFilter(ApplicationFilterChain.java:165)
	at org.springframework.web.filter.RequestContextFilter.doFilterInternal(RequestContextFilter.java:99)
	at org.springframework.web.filter.OncePerRequestFilter.doFilter(OncePerRequestFilter.java:107)
	at org.apache.catalina.core.ApplicationFilterChain.internalDoFilter(ApplicationFilterChain.java:192)
	at org.apache.catalina.core.ApplicationFilterChain.doFilter(ApplicationFilterChain.java:165)
	at org.springframework.web.filter.HttpPutFormContentFilter.doFilterInternal(HttpPutFormContentFilter.java:105)
	at org.springframework.web.filter.OncePerRequestFilter.doFilter(OncePerRequestFilter.java:107)
	at org.apache.catalina.core.ApplicationFilterChain.internalDoFilter(ApplicationFilterChain.java:192)
	at org.apache.catalina.core.ApplicationFilterChain.doFilter(ApplicationFilterChain.java:165)
	at org.springframework.web.filter.HiddenHttpMethodFilter.doFilterInternal(HiddenHttpMethodFilter.java:81)
	at org.springframework.web.filter.OncePerRequestFilter.doFilter(OncePerRequestFilter.java:107)
	at org.apache.catalina.core.ApplicationFilterChain.internalDoFilter(ApplicationFilterChain.java:192)
	at org.apache.catalina.core.ApplicationFilterChain.doFilter(ApplicationFilterChain.java:165)
	at org.springframework.web.filter.CharacterEncodingFilter.doFilterInternal(CharacterEncodingFilter.java:197)
	at org.springframework.web.filter.OncePerRequestFilter.doFilter(OncePerRequestFilter.java:107)
	at org.apache.catalina.core.ApplicationFilterChain.internalDoFilter(ApplicationFilterChain.java:192)
	at org.apache.catalina.core.ApplicationFilterChain.doFilter(ApplicationFilterChain.java:165)
	at org.apache.catalina.core.StandardWrapperValve.invoke(StandardWrapperValve.java:198)
	at org.apache.catalina.core.StandardContextValve.invoke(StandardContextValve.java:96)
	at org.apache.catalina.authenticator.AuthenticatorBase.invoke(AuthenticatorBase.java:474)
	at org.apache.catalina.core.StandardHostValve.invoke(StandardHostValve.java:140)
	at org.apache.catalina.valves.ErrorReportValve.invoke(ErrorReportValve.java:79)
	at org.apache.catalina.core.StandardEngineValve.invoke(StandardEngineValve.java:87)
	at org.apache.catalina.connector.CoyoteAdapter.service(CoyoteAdapter.java:349)
	at org.apache.coyote.http11.Http11Processor.service(Http11Processor.java:783)
	at org.apache.coyote.AbstractProcessorLight.process(AbstractProcessorLight.java:66)
	at org.apache.coyote.AbstractProtocol$ConnectionHandler.process(AbstractProtocol.java:798)
	at org.apache.tomcat.util.net.NioEndpoint$SocketProcessor.doRun(NioEndpoint.java:1434)
	at org.apache.tomcat.util.net.SocketProcessorBase.run(SocketProcessorBase.java:49)
	at java.util.concurrent.ThreadPoolExecutor.runWorker(ThreadPoolExecutor.java:1142)
	at java.util.concurrent.ThreadPoolExecutor$Worker.run(ThreadPoolExecutor.java:617)
	at org.apache.tomcat.util.threads.TaskThread$WrappingRunnable.run(TaskThread.java:61)
	at java.lang.Thread.run(Thread.java:745)
[THYMELEAF][http-nio-8080-exec-8] Exception processing template "/pages/project/ProjectList": Error resolving template "login", template might not exist or might not be accessible by any of the configured Template Resolvers (/pages/project/ProjectList:8)
Servlet.service() for servlet [dispatcherServlet] in context with path [] threw exception [Request processing failed; nested exception is org.thymeleaf.exceptions.TemplateInputException: Error resolving template "login", template might not exist or might not be accessible by any of the configured Template Resolvers (/pages/project/ProjectList:8)] with root cause
org.thymeleaf.exceptions.TemplateInputException: Error resolving template "login", template might not exist or might not be accessible by any of the configured Template Resolvers (/pages/project/ProjectList:8)
	at org.thymeleaf.TemplateRepository.getTemplate(TemplateRepository.java:246)
	at org.thymeleaf.standard.fragment.StandardFragment.extractFragment(StandardFragment.java:202)
	at org.thymeleaf.standard.processor.attr.AbstractStandardFragmentHandlingAttrProcessor.computeFragment(AbstractStandardFragmentHandlingAttrProcessor.java:72)
	at org.thymeleaf.processor.attr.AbstractFragmentHandlingAttrProcessor.processAttribute(AbstractFragmentHandlingAttrProcessor.java:63)
	at org.thymeleaf.processor.attr.AbstractAttrProcessor.doProcess(AbstractAttrProcessor.java:87)
	at org.thymeleaf.processor.AbstractProcessor.process(AbstractProcessor.java:212)
	at org.thymeleaf.dom.Node.applyNextProcessor(Node.java:1017)
	at org.thymeleaf.dom.Node.processNode(Node.java:972)
	at org.thymeleaf.dom.NestableNode.computeNextChild(NestableNode.java:695)
	at org.thymeleaf.dom.NestableNode.doAdditionalProcess(NestableNode.java:668)
	at org.thymeleaf.dom.Node.processNode(Node.java:990)
	at org.thymeleaf.dom.NestableNode.computeNextChild(NestableNode.java:695)
	at org.thymeleaf.dom.NestableNode.doAdditionalProcess(NestableNode.java:668)
	at org.thymeleaf.dom.Node.processNode(Node.java:990)
	at org.thymeleaf.dom.NestableNode.computeNextChild(NestableNode.java:695)
	at org.thymeleaf.dom.NestableNode.doAdditionalProcess(NestableNode.java:668)
	at org.thymeleaf.dom.Node.processNode(Node.java:990)
	at org.thymeleaf.dom.Document.process(Document.java:93)
	at org.thymeleaf.TemplateEngine.process(TemplateEngine.java:1155)
	at org.thymeleaf.TemplateEngine.process(TemplateEngine.java:1060)
	at org.thymeleaf.TemplateEngine.process(TemplateEngine.java:1011)
	at org.thymeleaf.spring4.view.ThymeleafView.renderFragment(ThymeleafView.java:335)
	at org.thymeleaf.spring4.view.ThymeleafView.render(ThymeleafView.java:190)
	at org.springframework.web.servlet.DispatcherServlet.render(DispatcherServlet.java:1271)
	at org.springframework.web.servlet.DispatcherServlet.processDispatchResult(DispatcherServlet.java:1037)
	at org.springframework.web.servlet.DispatcherServlet.doDispatch(DispatcherServlet.java:980)
	at org.springframework.web.servlet.DispatcherServlet.doService(DispatcherServlet.java:897)
	at org.springframework.web.servlet.FrameworkServlet.processRequest(FrameworkServlet.java:970)
	at org.springframework.web.servlet.FrameworkServlet.doGet(FrameworkServlet.java:861)
	at javax.servlet.http.HttpServlet.service(HttpServlet.java:622)
	at org.springframework.web.servlet.FrameworkServlet.service(FrameworkServlet.java:846)
	at javax.servlet.http.HttpServlet.service(HttpServlet.java:729)
	at org.apache.catalina.core.ApplicationFilterChain.internalDoFilter(ApplicationFilterChain.java:230)
	at org.apache.catalina.core.ApplicationFilterChain.doFilter(ApplicationFilterChain.java:165)
	at org.apache.tomcat.websocket.server.WsFilter.doFilter(WsFilter.java:52)
	at org.apache.catalina.core.ApplicationFilterChain.internalDoFilter(ApplicationFilterChain.java:192)
	at org.apache.catalina.core.ApplicationFilterChain.doFilter(ApplicationFilterChain.java:165)
	at org.springframework.web.filter.RequestContextFilter.doFilterInternal(RequestContextFilter.java:99)
	at org.springframework.web.filter.OncePerRequestFilter.doFilter(OncePerRequestFilter.java:107)
	at org.apache.catalina.core.ApplicationFilterChain.internalDoFilter(ApplicationFilterChain.java:192)
	at org.apache.catalina.core.ApplicationFilterChain.doFilter(ApplicationFilterChain.java:165)
	at org.springframework.web.filter.HttpPutFormContentFilter.doFilterInternal(HttpPutFormContentFilter.java:105)
	at org.springframework.web.filter.OncePerRequestFilter.doFilter(OncePerRequestFilter.java:107)
	at org.apache.catalina.core.ApplicationFilterChain.internalDoFilter(ApplicationFilterChain.java:192)
	at org.apache.catalina.core.ApplicationFilterChain.doFilter(ApplicationFilterChain.java:165)
	at org.springframework.web.filter.HiddenHttpMethodFilter.doFilterInternal(HiddenHttpMethodFilter.java:81)
	at org.springframework.web.filter.OncePerRequestFilter.doFilter(OncePerRequestFilter.java:107)
	at org.apache.catalina.core.ApplicationFilterChain.internalDoFilter(ApplicationFilterChain.java:192)
	at org.apache.catalina.core.ApplicationFilterChain.doFilter(ApplicationFilterChain.java:165)
	at org.springframework.web.filter.CharacterEncodingFilter.doFilterInternal(CharacterEncodingFilter.java:197)
	at org.springframework.web.filter.OncePerRequestFilter.doFilter(OncePerRequestFilter.java:107)
	at org.apache.catalina.core.ApplicationFilterChain.internalDoFilter(ApplicationFilterChain.java:192)
	at org.apache.catalina.core.ApplicationFilterChain.doFilter(ApplicationFilterChain.java:165)
	at org.apache.catalina.core.StandardWrapperValve.invoke(StandardWrapperValve.java:198)
	at org.apache.catalina.core.StandardContextValve.invoke(StandardContextValve.java:96)
	at org.apache.catalina.authenticator.AuthenticatorBase.invoke(AuthenticatorBase.java:474)
	at org.apache.catalina.core.StandardHostValve.invoke(StandardHostValve.java:140)
	at org.apache.catalina.valves.ErrorReportValve.invoke(ErrorReportValve.java:79)
	at org.apache.catalina.core.StandardEngineValve.invoke(StandardEngineValve.java:87)
	at org.apache.catalina.connector.CoyoteAdapter.service(CoyoteAdapter.java:349)
	at org.apache.coyote.http11.Http11Processor.service(Http11Processor.java:783)
	at org.apache.coyote.AbstractProcessorLight.process(AbstractProcessorLight.java:66)
	at org.apache.coyote.AbstractProtocol$ConnectionHandler.process(AbstractProtocol.java:798)
	at org.apache.tomcat.util.net.NioEndpoint$SocketProcessor.doRun(NioEndpoint.java:1434)
	at org.apache.tomcat.util.net.SocketProcessorBase.run(SocketProcessorBase.java:49)
	at java.util.concurrent.ThreadPoolExecutor.runWorker(ThreadPoolExecutor.java:1142)
	at java.util.concurrent.ThreadPoolExecutor$Worker.run(ThreadPoolExecutor.java:617)
	at org.apache.tomcat.util.threads.TaskThread$WrappingRunnable.run(TaskThread.java:61)
	at java.lang.Thread.run(Thread.java:745)
[THYMELEAF][http-nio-8080-exec-2] Exception processing template "/pages/project/ProjectList": Error resolving template "login", template might not exist or might not be accessible by any of the configured Template Resolvers (/pages/project/ProjectList:8)
Servlet.service() for servlet [dispatcherServlet] in context with path [] threw exception [Request processing failed; nested exception is org.thymeleaf.exceptions.TemplateInputException: Error resolving template "login", template might not exist or might not be accessible by any of the configured Template Resolvers (/pages/project/ProjectList:8)] with root cause
org.thymeleaf.exceptions.TemplateInputException: Error resolving template "login", template might not exist or might not be accessible by any of the configured Template Resolvers (/pages/project/ProjectList:8)
	at org.thymeleaf.TemplateRepository.getTemplate(TemplateRepository.java:246)
	at org.thymeleaf.standard.fragment.StandardFragment.extractFragment(StandardFragment.java:202)
	at org.thymeleaf.standard.processor.attr.AbstractStandardFragmentHandlingAttrProcessor.computeFragment(AbstractStandardFragmentHandlingAttrProcessor.java:72)
	at org.thymeleaf.processor.attr.AbstractFragmentHandlingAttrProcessor.processAttribute(AbstractFragmentHandlingAttrProcessor.java:63)
	at org.thymeleaf.processor.attr.AbstractAttrProcessor.doProcess(AbstractAttrProcessor.java:87)
	at org.thymeleaf.processor.AbstractProcessor.process(AbstractProcessor.java:212)
	at org.thymeleaf.dom.Node.applyNextProcessor(Node.java:1017)
	at org.thymeleaf.dom.Node.processNode(Node.java:972)
	at org.thymeleaf.dom.NestableNode.computeNextChild(NestableNode.java:695)
	at org.thymeleaf.dom.NestableNode.doAdditionalProcess(NestableNode.java:668)
	at org.thymeleaf.dom.Node.processNode(Node.java:990)
	at org.thymeleaf.dom.NestableNode.computeNextChild(NestableNode.java:695)
	at org.thymeleaf.dom.NestableNode.doAdditionalProcess(NestableNode.java:668)
	at org.thymeleaf.dom.Node.processNode(Node.java:990)
	at org.thymeleaf.dom.NestableNode.computeNextChild(NestableNode.java:695)
	at org.thymeleaf.dom.NestableNode.doAdditionalProcess(NestableNode.java:668)
	at org.thymeleaf.dom.Node.processNode(Node.java:990)
	at org.thymeleaf.dom.Document.process(Document.java:93)
	at org.thymeleaf.TemplateEngine.process(TemplateEngine.java:1155)
	at org.thymeleaf.TemplateEngine.process(TemplateEngine.java:1060)
	at org.thymeleaf.TemplateEngine.process(TemplateEngine.java:1011)
	at org.thymeleaf.spring4.view.ThymeleafView.renderFragment(ThymeleafView.java:335)
	at org.thymeleaf.spring4.view.ThymeleafView.render(ThymeleafView.java:190)
	at org.springframework.web.servlet.DispatcherServlet.render(DispatcherServlet.java:1271)
	at org.springframework.web.servlet.DispatcherServlet.processDispatchResult(DispatcherServlet.java:1037)
	at org.springframework.web.servlet.DispatcherServlet.doDispatch(DispatcherServlet.java:980)
	at org.springframework.web.servlet.DispatcherServlet.doService(DispatcherServlet.java:897)
	at org.springframework.web.servlet.FrameworkServlet.processRequest(FrameworkServlet.java:970)
	at org.springframework.web.servlet.FrameworkServlet.doGet(FrameworkServlet.java:861)
	at javax.servlet.http.HttpServlet.service(HttpServlet.java:622)
	at org.springframework.web.servlet.FrameworkServlet.service(FrameworkServlet.java:846)
	at javax.servlet.http.HttpServlet.service(HttpServlet.java:729)
	at org.apache.catalina.core.ApplicationFilterChain.internalDoFilter(ApplicationFilterChain.java:230)
	at org.apache.catalina.core.ApplicationFilterChain.doFilter(ApplicationFilterChain.java:165)
	at org.apache.tomcat.websocket.server.WsFilter.doFilter(WsFilter.java:52)
	at org.apache.catalina.core.ApplicationFilterChain.internalDoFilter(ApplicationFilterChain.java:192)
	at org.apache.catalina.core.ApplicationFilterChain.doFilter(ApplicationFilterChain.java:165)
	at org.springframework.web.filter.RequestContextFilter.doFilterInternal(RequestContextFilter.java:99)
	at org.springframework.web.filter.OncePerRequestFilter.doFilter(OncePerRequestFilter.java:107)
	at org.apache.catalina.core.ApplicationFilterChain.internalDoFilter(ApplicationFilterChain.java:192)
	at org.apache.catalina.core.ApplicationFilterChain.doFilter(ApplicationFilterChain.java:165)
	at org.springframework.web.filter.HttpPutFormContentFilter.doFilterInternal(HttpPutFormContentFilter.java:105)
	at org.springframework.web.filter.OncePerRequestFilter.doFilter(OncePerRequestFilter.java:107)
	at org.apache.catalina.core.ApplicationFilterChain.internalDoFilter(ApplicationFilterChain.java:192)
	at org.apache.catalina.core.ApplicationFilterChain.doFilter(ApplicationFilterChain.java:165)
	at org.springframework.web.filter.HiddenHttpMethodFilter.doFilterInternal(HiddenHttpMethodFilter.java:81)
	at org.springframework.web.filter.OncePerRequestFilter.doFilter(OncePerRequestFilter.java:107)
	at org.apache.catalina.core.ApplicationFilterChain.internalDoFilter(ApplicationFilterChain.java:192)
	at org.apache.catalina.core.ApplicationFilterChain.doFilter(ApplicationFilterChain.java:165)
	at org.springframework.web.filter.CharacterEncodingFilter.doFilterInternal(CharacterEncodingFilter.java:197)
	at org.springframework.web.filter.OncePerRequestFilter.doFilter(OncePerRequestFilter.java:107)
	at org.apache.catalina.core.ApplicationFilterChain.internalDoFilter(ApplicationFilterChain.java:192)
	at org.apache.catalina.core.ApplicationFilterChain.doFilter(ApplicationFilterChain.java:165)
	at org.apache.catalina.core.StandardWrapperValve.invoke(StandardWrapperValve.java:198)
	at org.apache.catalina.core.StandardContextValve.invoke(StandardContextValve.java:96)
	at org.apache.catalina.authenticator.AuthenticatorBase.invoke(AuthenticatorBase.java:474)
	at org.apache.catalina.core.StandardHostValve.invoke(StandardHostValve.java:140)
	at org.apache.catalina.valves.ErrorReportValve.invoke(ErrorReportValve.java:79)
	at org.apache.catalina.core.StandardEngineValve.invoke(StandardEngineValve.java:87)
	at org.apache.catalina.connector.CoyoteAdapter.service(CoyoteAdapter.java:349)
	at org.apache.coyote.http11.Http11Processor.service(Http11Processor.java:783)
	at org.apache.coyote.AbstractProcessorLight.process(AbstractProcessorLight.java:66)
	at org.apache.coyote.AbstractProtocol$ConnectionHandler.process(AbstractProtocol.java:798)
	at org.apache.tomcat.util.net.NioEndpoint$SocketProcessor.doRun(NioEndpoint.java:1434)
	at org.apache.tomcat.util.net.SocketProcessorBase.run(SocketProcessorBase.java:49)
	at java.util.concurrent.ThreadPoolExecutor.runWorker(ThreadPoolExecutor.java:1142)
	at java.util.concurrent.ThreadPoolExecutor$Worker.run(ThreadPoolExecutor.java:617)
	at org.apache.tomcat.util.threads.TaskThread$WrappingRunnable.run(TaskThread.java:61)
	at java.lang.Thread.run(Thread.java:745)
